<?xml version="1.0" encoding="UTF-8"?>
<!-- Generated by org.testng.reporters.JUnitReportReporter -->
<testsuite hostname="DESKTOP-RPMO6KI" failures="0" tests="2" name="testNGDemo.testDemo" time="0.043" errors="0" timestamp="2022-05-23T09:17:17 IST" skipped="0">
  <testcase classname="testNGDemo.testDemo" name="test2" time="0.023"/>
  <system-out/>
  <testcase classname="testNGDemo.testDemo" name="testRun" time="0.020"/>
  <system-out/>
</testsuite> <!-- testNGDemo.testDemo -->
