<?xml version="1.0" encoding="UTF-8"?>
<!-- Generated by org.testng.reporters.JUnitReportReporter -->
<testsuite hostname="DESKTOP-RPMO6KI" failures="0" tests="2" name="testNGDemo.testDemo1" time="0.011" errors="0" timestamp="2022-05-23T10:49:10 IST" skipped="0">
  <testcase classname="testNGDemo.testDemo1" name="testRun" time="0.008"/>
  <system-out/>
  <testcase classname="testNGDemo.testDemo1" name="test2" time="0.003"/>
  <system-out/>
</testsuite> <!-- testNGDemo.testDemo1 -->
