<?xml version="1.0" encoding="UTF-8"?>
<!-- Generated by org.testng.reporters.JUnitReportReporter -->
<testsuite hostname="DESKTOP-RPMO6KI" failures="0" tests="1" name="testNGDemo.testDemo2" time="0.002" errors="0" timestamp="2022-05-23T10:49:10 IST" skipped="0">
  <testcase classname="testNGDemo.testDemo2" name="test" time="0.002"/>
  <system-out/>
</testsuite> <!-- testNGDemo.testDemo2 -->
