<?xml version="1.0" encoding="UTF-8"?>
<!-- Generated by org.testng.reporters.JUnitReportReporter -->
<testsuite hostname="DESKTOP-RPMO6KI" failures="0" tests="1" name="chromeDevToolsProtocolDemo.NetworkSpeed" time="71.669" errors="0" timestamp="2022-06-15T10:47:37 IST" skipped="0">
  <testcase classname="chromeDevToolsProtocolDemo.NetworkSpeed" name="test" time="71.669"/>
  <system-out/>
</testsuite> <!-- chromeDevToolsProtocolDemo.NetworkSpeed -->
