<?xml version="1.0" encoding="UTF-8"?>
<!-- Generated by org.testng.reporters.JUnitReportReporter -->
<testsuite hostname="DESKTOP-RPMO6KI" failures="0" tests="11" name="testNGDemo.Annotations" time="0.046" errors="0" timestamp="2022-05-23T11:29:53 IST" skipped="3">
  <testcase classname="testNGDemo.Annotations" name="abctest" time="0.007"/>
  <system-out/>
  <testcase classname="testNGDemo.Annotations" name="dependsMethods" time="0.003"/>
  <system-out/>
  <testcase classname="testNGDemo.Annotations" name="zTest" time="0.010"/>
  <system-out/>
  <testcase classname="testNGDemo.Annotations" name="abctest" time="0.011"/>
  <system-out/>
  <testcase classname="testNGDemo.Annotations" name="test" time="0.003"/>
  <system-out/>
  <testcase classname="testNGDemo.Annotations" name="test" time="0.006"/>
  <system-out/>
  <testcase classname="testNGDemo.Annotations" name="abctest" time="0.003"/>
  <system-out/>
  <testcase classname="testNGDemo.Annotations" name="zTest" time="0.003"/>
  <system-out/>
  <testcase classname="testNGDemo.Annotations" name="test3">
    <skipped/>
  </testcase> <!-- test3 -->
  <system-out/>
  <testcase classname="testNGDemo.Annotations" name="test3">
    <skipped/>
  </testcase> <!-- test3 -->
  <system-out/>
  <testcase classname="testNGDemo.Annotations" name="test3">
    <skipped/>
  </testcase> <!-- test3 -->
  <system-out/>
</testsuite> <!-- testNGDemo.Annotations -->
