<?xml version="1.0" encoding="UTF-8"?>
<!-- Generated by org.testng.reporters.JUnitReportReporter -->
<testsuite hostname="DESKTOP-RPMO6KI" failures="0" tests="1" name="chromeDevToolsProtocolDemo.NetworkDemo" time="6.140" errors="0" timestamp="2022-06-13T11:30:35 IST" skipped="0">
  <testcase classname="chromeDevToolsProtocolDemo.NetworkDemo" name="test" time="6.140"/>
  <system-out/>
</testsuite> <!-- chromeDevToolsProtocolDemo.NetworkDemo -->
