<?xml version="1.0" encoding="UTF-8"?>
<!-- Generated by org.testng.reporters.JUnitReportReporter -->
<testsuite hostname="DESKTOP-RPMO6KI" failures="0" tests="1" name="chromeDevToolsProtocolDemo.EmulationLocationOverride" time="10.763" errors="0" timestamp="2022-06-13T10:57:06 IST" skipped="0">
  <testcase classname="chromeDevToolsProtocolDemo.EmulationLocationOverride" name="test" time="10.763"/>
  <system-out/>
</testsuite> <!-- chromeDevToolsProtocolDemo.EmulationLocationOverride -->
