<?xml version="1.0" encoding="UTF-8"?>
<!-- Generated by org.testng.reporters.JUnitReportReporter -->
<testsuite hostname="DESKTOP-RPMO6KI" failures="0" tests="1" name="chromeDevToolsProtocolDemo.BasicAuthentication" time="16.123" errors="0" timestamp="2022-06-17T09:03:41 IST" skipped="0">
  <testcase classname="chromeDevToolsProtocolDemo.BasicAuthentication" name="test" time="16.123"/>
  <system-out/>
</testsuite> <!-- chromeDevToolsProtocolDemo.BasicAuthentication -->
