<?xml version="1.0" encoding="UTF-8"?>
<!-- Generated by org.testng.reporters.JUnitReportReporter -->
<testsuite hostname="DESKTOP-RPMO6KI" failures="0" tests="3" name="testNGDemo.CarLoan" time="0.015" errors="0" timestamp="2022-05-23T10:49:10 IST" skipped="0">
  <testcase classname="testNGDemo.CarLoan" name="suzuki" time="0.003"/>
  <system-out/>
  <testcase classname="testNGDemo.CarLoan" name="tata" time="0.008"/>
  <system-out/>
  <testcase classname="testNGDemo.CarLoan" name="toyota" time="0.004"/>
  <system-out/>
</testsuite> <!-- testNGDemo.CarLoan -->
