<?xml version="1.0" encoding="UTF-8"?>
<!-- Generated by org.testng.reporters.JUnitReportReporter -->
<testsuite hostname="DESKTOP-RPMO6KI" failures="0" tests="17" name="testNGDemo.Annotations" time="0.059" errors="0" timestamp="2022-05-24T11:05:44 IST" skipped="3">
  <testcase classname="testNGDemo.Annotations" name="dataPar" time="0.003"/>
  <system-out/>
  <testcase classname="testNGDemo.Annotations" name="zTest" time="0.006"/>
  <system-out/>
  <testcase classname="testNGDemo.Annotations" name="zTest" time="0.004"/>
  <system-out/>
  <testcase classname="testNGDemo.Annotations" name="test" time="0.002"/>
  <system-out/>
  <testcase classname="testNGDemo.Annotations" name="dataPar" time="0.002"/>
  <system-out/>
  <testcase classname="testNGDemo.Annotations" name="dataPar" time="0.003"/>
  <system-out/>
  <testcase classname="testNGDemo.Annotations" name="test" time="0.005"/>
  <system-out/>
  <testcase classname="testNGDemo.Annotations" name="abctest" time="0.003"/>
  <system-out/>
  <testcase classname="testNGDemo.Annotations" name="abctest" time="0.006"/>
  <system-out/>
  <testcase classname="testNGDemo.Annotations" name="dataPar" time="0.004"/>
  <system-out/>
  <testcase classname="testNGDemo.Annotations" name="abctest" time="0.012"/>
  <system-out/>
  <testcase classname="testNGDemo.Annotations" name="dataPar" time="0.002"/>
  <system-out/>
  <testcase classname="testNGDemo.Annotations" name="dataPar" time="0.004"/>
  <system-out/>
  <testcase classname="testNGDemo.Annotations" name="dependsMethods" time="0.003"/>
  <system-out/>
  <testcase classname="testNGDemo.Annotations" name="test3">
    <skipped/>
  </testcase> <!-- test3 -->
  <system-out/>
  <testcase classname="testNGDemo.Annotations" name="test3">
    <skipped/>
  </testcase> <!-- test3 -->
  <system-out/>
  <testcase classname="testNGDemo.Annotations" name="test3">
    <skipped/>
  </testcase> <!-- test3 -->
  <system-out/>
</testsuite> <!-- testNGDemo.Annotations -->
